E, [2016-12-14T19:27:16.347718 #4180] ERROR -- Kitchen: ------Exception-------
E, [2016-12-14T19:27:16.347815 #4180] ERROR -- Kitchen: Class: Kitchen::UserError
E, [2016-12-14T19:27:16.347835 #4180] ERROR -- Kitchen: Message: Kitchen YAML file /opt/workspace/learn/chef-repo/cookbooks/learn_chef_apache2/templates/.kitchen.yml does not exist.
E, [2016-12-14T19:27:16.347877 #4180] ERROR -- Kitchen: ----------------------
E, [2016-12-14T19:27:16.347937 #4180] ERROR -- Kitchen: ------Backtrace-------
E, [2016-12-14T19:27:16.347972 #4180] ERROR -- Kitchen: /opt/chefdk/embedded/lib/ruby/gems/2.3.0/gems/test-kitchen-1.14.2/lib/kitchen/loader/yaml.rb:71:in `read'
E, [2016-12-14T19:27:16.347988 #4180] ERROR -- Kitchen: /opt/chefdk/embedded/lib/ruby/gems/2.3.0/gems/test-kitchen-1.14.2/lib/kitchen/config.rb:152:in `data'
E, [2016-12-14T19:27:16.348000 #4180] ERROR -- Kitchen: /opt/chefdk/embedded/lib/ruby/gems/2.3.0/gems/test-kitchen-1.14.2/lib/kitchen/config.rb:131:in `suites'
E, [2016-12-14T19:27:16.348014 #4180] ERROR -- Kitchen: /opt/chefdk/embedded/lib/ruby/gems/2.3.0/gems/test-kitchen-1.14.2/lib/kitchen/config.rb:182:in `filter_instances'
E, [2016-12-14T19:27:16.348026 #4180] ERROR -- Kitchen: /opt/chefdk/embedded/lib/ruby/gems/2.3.0/gems/test-kitchen-1.14.2/lib/kitchen/config.rb:141:in `build_instances'
E, [2016-12-14T19:27:16.348035 #4180] ERROR -- Kitchen: /opt/chefdk/embedded/lib/ruby/gems/2.3.0/gems/test-kitchen-1.14.2/lib/kitchen/config.rb:117:in `instances'
E, [2016-12-14T19:27:16.348044 #4180] ERROR -- Kitchen: /opt/chefdk/embedded/lib/ruby/gems/2.3.0/gems/test-kitchen-1.14.2/lib/kitchen/command.rb:112:in `filtered_instances'
E, [2016-12-14T19:27:16.348053 #4180] ERROR -- Kitchen: /opt/chefdk/embedded/lib/ruby/gems/2.3.0/gems/test-kitchen-1.14.2/lib/kitchen/command.rb:142:in `parse_subcommand'
E, [2016-12-14T19:27:16.348062 #4180] ERROR -- Kitchen: /opt/chefdk/embedded/lib/ruby/gems/2.3.0/gems/test-kitchen-1.14.2/lib/kitchen/command/list.rb:30:in `call'
E, [2016-12-14T19:27:16.348071 #4180] ERROR -- Kitchen: /opt/chefdk/embedded/lib/ruby/gems/2.3.0/gems/test-kitchen-1.14.2/lib/kitchen/cli.rb:53:in `perform'
E, [2016-12-14T19:27:16.348080 #4180] ERROR -- Kitchen: /opt/chefdk/embedded/lib/ruby/gems/2.3.0/gems/test-kitchen-1.14.2/lib/kitchen/cli.rb:121:in `list'
E, [2016-12-14T19:27:16.348089 #4180] ERROR -- Kitchen: /opt/chefdk/embedded/lib/ruby/gems/2.3.0/gems/thor-0.19.4/lib/thor/command.rb:27:in `run'
E, [2016-12-14T19:27:16.348098 #4180] ERROR -- Kitchen: /opt/chefdk/embedded/lib/ruby/gems/2.3.0/gems/thor-0.19.4/lib/thor/invocation.rb:126:in `invoke_command'
E, [2016-12-14T19:27:16.348114 #4180] ERROR -- Kitchen: /opt/chefdk/embedded/lib/ruby/gems/2.3.0/gems/test-kitchen-1.14.2/lib/kitchen/cli.rb:334:in `invoke_task'
E, [2016-12-14T19:27:16.348133 #4180] ERROR -- Kitchen: /opt/chefdk/embedded/lib/ruby/gems/2.3.0/gems/thor-0.19.4/lib/thor.rb:369:in `dispatch'
E, [2016-12-14T19:27:16.348151 #4180] ERROR -- Kitchen: /opt/chefdk/embedded/lib/ruby/gems/2.3.0/gems/thor-0.19.4/lib/thor/base.rb:444:in `start'
E, [2016-12-14T19:27:16.348161 #4180] ERROR -- Kitchen: /opt/chefdk/embedded/lib/ruby/gems/2.3.0/gems/test-kitchen-1.14.2/bin/kitchen:13:in `block in <top (required)>'
E, [2016-12-14T19:27:16.348183 #4180] ERROR -- Kitchen: /opt/chefdk/embedded/lib/ruby/gems/2.3.0/gems/test-kitchen-1.14.2/lib/kitchen/errors.rb:171:in `with_friendly_errors'
E, [2016-12-14T19:27:16.348193 #4180] ERROR -- Kitchen: /opt/chefdk/embedded/lib/ruby/gems/2.3.0/gems/test-kitchen-1.14.2/bin/kitchen:13:in `<top (required)>'
E, [2016-12-14T19:27:16.348202 #4180] ERROR -- Kitchen: /usr/local/bin/kitchen:21:in `load'
E, [2016-12-14T19:27:16.348210 #4180] ERROR -- Kitchen: /usr/local/bin/kitchen:21:in `<main>'
E, [2016-12-14T19:27:16.348218 #4180] ERROR -- Kitchen: ----End Backtrace-----
